<?xml version="1.0" encoding="utf-8"?><testsuites name="pytest tests"><testsuite name="pytest" errors="0" failures="0" skipped="0" tests="14" time="2.761" timestamp="2026-04-11T18:39:01.243185+00:00" hostname="agent-env-eaaaa30a-2f40-4d08-bdd9-ba33976050ea"><testcase classname="backend.tests.test_discord_oauth.TestLogin" name="test_login_with_username" time="0.402" /><testcase classname="backend.tests.test_discord_oauth.TestDiscordOAuthUrl" name="test_oauth_url_returns_valid_discord_url" time="0.481" /><testcase classname="backend.tests.test_discord_oauth.TestDiscordOAuthUrl" name="test_oauth_url_requires_auth" time="0.118" /><testcase classname="backend.tests.test_discord_oauth.TestDiscordOAuthUrl" name="test_oauth_url_requires_instance_id" time="0.140" /><testcase classname="backend.tests.test_discord_oauth.TestDiscordConfig" name="test_config_returns_oauth_enabled" time="0.120" /><testcase classname="backend.tests.test_discord_oauth.TestDiscordConfig" name="test_config_returns_has_bot_token_field" time="0.116" /><testcase classname="backend.tests.test_discord_oauth.TestDiscordConfig" name="test_config_returns_oauth_connected_field" time="0.141" /><testcase classname="backend.tests.test_discord_oauth.TestDiscordConfig" name="test_config_does_not_expose_bot_token" time="0.166" /><testcase classname="backend.tests.test_discord_oauth.TestDiscordCallback" name="test_callback_handles_error_param" time="0.123" /><testcase classname="backend.tests.test_discord_oauth.TestDiscordCallback" name="test_callback_handles_missing_code" time="0.108" /><testcase classname="backend.tests.test_discord_oauth.TestDiscordCallback" name="test_callback_not_behind_auth" time="0.100" /><testcase classname="backend.tests.test_discord_oauth.TestDiscordConfigUpdate" name="test_update_config_works" time="0.418" /><testcase classname="backend.tests.test_discord_oauth.TestDiscordRestart" name="test_restart_endpoint_exists" time="0.143" /><testcase classname="backend.tests.test_discord_oauth.TestDiscordStatus" name="test_status_endpoint_works" time="0.114" /></testsuite></testsuites>