<?xml version="1.0" encoding="utf-8"?><testsuites name="pytest tests"><testsuite name="pytest" errors="0" failures="0" skipped="0" tests="13" time="2.213" timestamp="2026-03-31T13:01:25.929669+00:00" hostname="agent-env-303a28ed-3fc3-4917-8ea0-a9324f6a074f"><testcase classname="backend.tests.test_instances_dashboard.TestAuthMe" name="test_auth_me_returns_instances" time="0.597" /><testcase classname="backend.tests.test_instances_dashboard.TestAuthMe" name="test_auth_me_instance_has_id_and_name" time="0.057" /><testcase classname="backend.tests.test_instances_dashboard.TestListInstances" name="test_list_instances_returns_200" time="0.065" /><testcase classname="backend.tests.test_instances_dashboard.TestListInstances" name="test_list_instances_no_error_on_empty" time="0.048" /><testcase classname="backend.tests.test_instances_dashboard.TestListInstances" name="test_default_instance_exists" time="0.049" /><testcase classname="backend.tests.test_instances_dashboard.TestListInstances" name="test_instances_no_mongo_id" time="0.047" /><testcase classname="backend.tests.test_instances_dashboard.TestCreateInstance" name="test_create_instance" time="0.048" /><testcase classname="backend.tests.test_instances_dashboard.TestCreateInstance" name="test_create_instance_persists" time="0.172" /><testcase classname="backend.tests.test_instances_dashboard.TestCreateInstance" name="test_create_instance_unauthorized" time="0.153" /><testcase classname="backend.tests.test_instances_dashboard.TestDeleteInstance" name="test_create_and_delete_instance" time="0.152" /><testcase classname="backend.tests.test_instances_dashboard.TestDeleteInstance" name="test_delete_nonexistent_returns_404" time="0.049" /><testcase classname="backend.tests.test_instances_dashboard.TestAnalyticsDashboard" name="test_analytics_overview_with_instance" time="0.110" /><testcase classname="backend.tests.test_instances_dashboard.TestAnalyticsDashboard" name="test_analytics_without_instance_returns_400" time="0.601" /></testsuite></testsuites>