<?xml version="1.0" encoding="utf-8"?><testsuites name="pytest tests"><testsuite name="pytest" errors="0" failures="0" skipped="1" tests="13" time="3.807" timestamp="2026-03-31T15:26:13.517776+00:00" hostname="agent-env-303a28ed-3fc3-4917-8ea0-a9324f6a074f"><testcase classname="backend.tests.test_password_reset_users.TestForgotPassword" name="test_forgot_password_valid_email" time="0.456" /><testcase classname="backend.tests.test_password_reset_users.TestForgotPassword" name="test_forgot_password_unknown_email" time="0.118" /><testcase classname="backend.tests.test_password_reset_users.TestForgotPassword" name="test_forgot_password_unverified_user" time="0.098" /><testcase classname="backend.tests.test_password_reset_users.TestResetPassword" name="test_reset_password_invalid_code" time="0.138" /><testcase classname="backend.tests.test_password_reset_users.TestResetPassword" name="test_reset_password_short_password" time="0.113" /><testcase classname="backend.tests.test_password_reset_users.TestResetPassword" name="test_reset_password_full_flow" time="0.325"><skipped type="pytest.skip" message="Could not extract reset code from logs">/app/backend/tests/test_password_reset_users.py:95: Could not extract reset code from logs</skipped></testcase><testcase classname="backend.tests.test_password_reset_users.TestAdminUsers" name="test_admin_users_returns_200" time="0.373" /><testcase classname="backend.tests.test_password_reset_users.TestAdminUsers" name="test_admin_users_returns_list" time="0.389" /><testcase classname="backend.tests.test_password_reset_users.TestAdminUsers" name="test_admin_users_has_assigned_instances" time="0.399" /><testcase classname="backend.tests.test_password_reset_users.TestAdminUsers" name="test_admin_users_no_sensitive_fields" time="0.383" /><testcase classname="backend.tests.test_password_reset_users.TestAdminUsers" name="test_admin_users_fields" time="0.398" /><testcase classname="backend.tests.test_password_reset_users.TestAdminUsers" name="test_regular_user_cannot_access_admin_users" time="0.412" /><testcase classname="backend.tests.test_password_reset_users.TestAdminUsers" name="test_unauthenticated_cannot_access_admin_users" time="0.122" /></testsuite></testsuites>