<?xml version="1.0" encoding="utf-8"?><testsuites name="pytest tests"><testsuite name="pytest" errors="0" failures="0" skipped="0" tests="13" time="4.220" timestamp="2026-04-11T19:37:54.847399+00:00" hostname="agent-env-eaaaa30a-2f40-4d08-bdd9-ba33976050ea"><testcase classname="backend.tests.test_knowledge_priority.TestKnowledgePriority" name="test_add_faq_with_priority_normal" time="0.459" /><testcase classname="backend.tests.test_knowledge_priority.TestKnowledgePriority" name="test_add_faq_with_priority_medium" time="0.103" /><testcase classname="backend.tests.test_knowledge_priority.TestKnowledgePriority" name="test_add_faq_with_priority_high" time="0.108" /><testcase classname="backend.tests.test_knowledge_priority.TestKnowledgePriority" name="test_add_faq_default_priority" time="0.108" /><testcase classname="backend.tests.test_knowledge_priority.TestKnowledgePriority" name="test_add_url_with_priority" time="0.454" /><testcase classname="backend.tests.test_knowledge_priority.TestKnowledgePriority" name="test_get_sources_sorted_by_priority" time="0.108" /><testcase classname="backend.tests.test_knowledge_priority.TestKnowledgePriority" name="test_update_source_priority" time="0.226" /><testcase classname="backend.tests.test_knowledge_priority.TestKnowledgePriority" name="test_update_priority_to_medium" time="0.213" /><testcase classname="backend.tests.test_knowledge_priority.TestKnowledgePriority" name="test_update_priority_nonexistent_source" time="0.106" /><testcase classname="backend.tests.test_knowledge_priority.TestKnowledgePriority" name="test_toggle_source_still_works" time="0.348" /><testcase classname="backend.tests.test_knowledge_priority.TestKnowledgePriority" name="test_existing_sources_have_priority" time="1.062" /><testcase classname="backend.tests.test_knowledge_priority.TestUploadWithPriority" name="test_upload_document_with_priority" time="0.523" /><testcase classname="backend.tests.test_knowledge_priority.TestUploadWithPriority" name="test_upload_document_default_priority" time="0.336" /></testsuite></testsuites>