<?xml version="1.0" encoding="utf-8"?><testsuites name="pytest tests"><testsuite name="pytest" errors="0" failures="1" skipped="0" tests="23" time="4.223" timestamp="2026-03-31T10:31:54.946506+00:00" hostname="agent-env-303a28ed-3fc3-4917-8ea0-a9324f6a074f"><testcase classname="backend.tests.test_multitenant_auth.TestAuthFlow" name="test_admin_login_success" time="0.436" /><testcase classname="backend.tests.test_multitenant_auth.TestAuthFlow" name="test_login_invalid_password" time="0.321" /><testcase classname="backend.tests.test_multitenant_auth.TestAuthFlow" name="test_login_unregistered_user" time="0.096" /><testcase classname="backend.tests.test_multitenant_auth.TestAuthFlow" name="test_get_me_with_valid_token" time="0.428" /><testcase classname="backend.tests.test_multitenant_auth.TestAuthFlow" name="test_get_me_without_token" time="0.105" /><testcase classname="backend.tests.test_multitenant_auth.TestAuthFlow" name="test_register_new_user" time="0.335" /><testcase classname="backend.tests.test_multitenant_auth.TestAuthFlow" name="test_register_duplicate_user" time="0.100" /><testcase classname="backend.tests.test_multitenant_auth.TestAuthFlow" name="test_verify_wrong_code" time="0.101"><failure message="assert 200 in [400, 401]&#10; +  where 200 = &lt;Response [200]&gt;.status_code">backend/tests/test_multitenant_auth.py:77: in test_verify_wrong_code
    assert resp.status_code in [400, 401]
E   assert 200 in [400, 401]
E    +  where 200 = &lt;Response [200]&gt;.status_code</failure></testcase><testcase classname="backend.tests.test_multitenant_auth.TestAuthFlow" name="test_testuser_login" time="0.324" /><testcase classname="backend.tests.test_multitenant_auth.TestInstanceManagement" name="test_list_instances_as_admin" time="0.095" /><testcase classname="backend.tests.test_multitenant_auth.TestInstanceManagement" name="test_create_instance" time="0.096" /><testcase classname="backend.tests.test_multitenant_auth.TestInstanceManagement" name="test_assign_user_to_instance" time="0.098" /><testcase classname="backend.tests.test_multitenant_auth.TestInstanceManagement" name="test_testuser_has_instance_after_assignment" time="0.321" /><testcase classname="backend.tests.test_multitenant_auth.TestInstanceManagement" name="test_unassign_user_from_instance" time="0.221" /><testcase classname="backend.tests.test_multitenant_auth.TestInstanceManagement" name="test_delete_instance" time="0.100" /><testcase classname="backend.tests.test_multitenant_auth.TestInstanceManagement" name="test_list_instances_forbidden_without_auth" time="0.095" /><testcase classname="backend.tests.test_multitenant_auth.TestInstanceManagement" name="test_list_users_as_admin" time="0.166" /><testcase classname="backend.tests.test_multitenant_auth.TestProtectedApis" name="test_bot_config_no_auth_returns_401" time="0.107" /><testcase classname="backend.tests.test_multitenant_auth.TestProtectedApis" name="test_bot_config_with_auth_returns_200" time="0.094" /><testcase classname="backend.tests.test_multitenant_auth.TestProtectedApis" name="test_knowledge_sources_no_auth_returns_401" time="0.088" /><testcase classname="backend.tests.test_multitenant_auth.TestProtectedApis" name="test_knowledge_sources_with_auth_returns_200" time="0.108" /><testcase classname="backend.tests.test_multitenant_auth.TestProtectedApis" name="test_analytics_no_auth_returns_401" time="0.094" /><testcase classname="backend.tests.test_multitenant_auth.TestProtectedApis" name="test_analytics_with_auth_returns_200" time="0.152" /></testsuite></testsuites>