<?xml version="1.0" encoding="utf-8"?><testsuites name="pytest tests"><testsuite name="pytest" errors="0" failures="0" skipped="0" tests="11" time="2.148" timestamp="2026-03-23T18:41:19.686162+00:00" hostname="agent-env-303a28ed-3fc3-4917-8ea0-a9324f6a074f"><testcase classname="backend.tests.test_botforge.TestHealth" name="test_root" time="0.198" /><testcase classname="backend.tests.test_botforge.TestBotConfig" name="test_get_bot_config" time="0.107" /><testcase classname="backend.tests.test_botforge.TestBotConfig" name="test_update_bot_config" time="0.320" /><testcase classname="backend.tests.test_botforge.TestKnowledge" name="test_get_sources" time="0.113" /><testcase classname="backend.tests.test_botforge.TestKnowledge" name="test_add_faq" time="0.240" /><testcase classname="backend.tests.test_botforge.TestKnowledge" name="test_add_faq_and_verify_in_list" time="0.436" /><testcase classname="backend.tests.test_botforge.TestConversations" name="test_get_conversations" time="0.159" /><testcase classname="backend.tests.test_botforge.TestAnalytics" name="test_overview" time="0.108" /><testcase classname="backend.tests.test_botforge.TestAnalytics" name="test_daily" time="0.135" /><testcase classname="backend.tests.test_botforge.TestDiscord" name="test_get_discord_config" time="0.142" /><testcase classname="backend.tests.test_botforge.TestDiscord" name="test_get_discord_status" time="0.106" /></testsuite></testsuites>