<?xml version="1.0" encoding="utf-8"?><testsuites name="pytest tests"><testsuite name="pytest" errors="0" failures="0" skipped="1" tests="12" time="2.447" timestamp="2026-04-13T10:13:55.556548+00:00" hostname="agent-env-eaaaa30a-2f40-4d08-bdd9-ba33976050ea"><testcase classname="backend.tests.test_source_editing.TestSourceEditingAPI" name="test_update_title" time="0.748" /><testcase classname="backend.tests.test_source_editing.TestSourceEditingAPI" name="test_update_content" time="0.218" /><testcase classname="backend.tests.test_source_editing.TestSourceEditingAPI" name="test_update_priority" time="0.167" /><testcase classname="backend.tests.test_source_editing.TestSourceEditingAPI" name="test_update_multiple_fields" time="0.149" /><testcase classname="backend.tests.test_source_editing.TestSourceEditingAPI" name="test_update_url_field_for_url_type" time="0.127"><skipped type="pytest.skip" message="URL source creation failed (may be network issue): {&quot;detail&quot;:&quot;URL scraping failed: [SSL: CERTIFICATE_VERIFY_FAILED] certificate verify failed: unable to get local issuer certificate (_ssl.c:1016)&quot;}">/app/backend/tests/test_source_editing.py:137: URL source creation failed (may be network issue): {"detail":"URL scraping failed: [SSL: CERTIFICATE_VERIFY_FAILED] certificate verify failed: unable to get local issuer certificate (_ssl.c:1016)"}</skipped></testcase><testcase classname="backend.tests.test_source_editing.TestSourceEditingAPI" name="test_update_adds_updated_at_timestamp" time="0.175" /><testcase classname="backend.tests.test_source_editing.TestSourceEditingAPI" name="test_update_nonexistent_source_returns_404" time="0.049" /><testcase classname="backend.tests.test_source_editing.TestSourceEditingAPI" name="test_update_empty_body_returns_400" time="0.157" /><testcase classname="backend.tests.test_source_editing.TestSourceEditingAPI" name="test_update_preserves_other_fields" time="0.154" /><testcase classname="backend.tests.test_source_editing.TestSourceEditingAPI" name="test_verify_update_persisted_via_get" time="0.218" /><testcase classname="backend.tests.test_source_editing.TestExistingSourcesEditing" name="test_can_fetch_existing_sources" time="0.047" /><testcase classname="backend.tests.test_source_editing.TestExistingSourcesEditing" name="test_edit_existing_url_source_if_exists" time="0.175" /></testsuite></testsuites>